#
# A fatal error has been detected by the Java Runtime Environment:
#
#  SIGSEGV (0xb) at pc=0x000000010f3c245f, pid=11736, tid=0x000000000000c11b
#
# JRE version: Java(TM) SE Runtime Environment (8.0_144-b01) (build 1.8.0_144-b01)
# Java VM: Java HotSpot(TM) 64-Bit Server VM (25.144-b01 mixed mode bsd-amd64 compressed oops)
# Problematic frame:
# C  [libawt_lwawt.dylib+0x1c45f]  OGLSD_SetScratchSurface+0x49
#
# Failed to write core dump. Core dumps have been disabled. To enable core dumping, try "ulimit -c unlimited" before starting Java again
#
# If you would like to submit a bug report, please visit:
#   http://bugreport.java.com/bugreport/crash.jsp
# The crash happened outside the Java Virtual Machine in native code.
# See problematic frame for where to report the bug.
#

---------------  T H R E A D  ---------------

Current thread (0x00007ff352902000):  JavaThread "Java2D Queue Flusher" daemon [_thread_in_native, id=49435, stack(0x000070000a2d0000,0x000070000a3d0000)]

siginfo: si_signo: 11 (SIGSEGV), si_code: 1 (SEGV_MAPERR), si_addr: 0x0000000000000002

Registers:
RAX=0x000000010f3e2d0e, RBX=0x0000000000000002, RCX=0x0000000000000047, RDX=0x000000010f3e3258
RSP=0x000070000a3cf7b0, RBP=0x000070000a3cf7d0, RSI=0x00007ff352474880, RDI=0x00007ff3529021f8
R8 =0x00007ff352469b48, R9 =0xffffffff00000000, R10=0x000000011093ae78, R11=0x0000000000000020
R12=0x0000000000000000, R13=0x000070000a3cf8e8, R14=0x00007ff3529021f8, R15=0x00007ff352902000
RIP=0x000000010f3c245f, EFLAGS=0x0000000000010202, ERR=0x0000000000000004
  TRAPNO=0x000000000000000e

Top of Stack: (sp=0x000070000a3cf7b0)
0x000070000a3cf7b0:   00007ff352474880 0000000000000000
0x000070000a3cf7c0:   00007ff3528e9010 00007ff352902000
0x000070000a3cf7d0:   000070000a3cf850 000000010f3e2d36
0x000070000a3cf7e0:   000070000a3cf810 000000010a538a00
0x000070000a3cf7f0:   0000000000000064 0000000000000000
0x000070000a3cf800:   0000000000000064 00007ff35243f568
0x000070000a3cf810:   000070000a3cf870 00007ff3528e9020
0x000070000a3cf820:   00007ff300000005 00007ff3529021f8
0x000070000a3cf830:   000000010cdddf98 0000000000000000
0x000070000a3cf840:   000070000a3cf968 00007ff352902000
0x000070000a3cf850:   000070000a3cf8a0 000000011093aeea
0x000070000a3cf860:   000000076eb24220 00007ff352902000
0x000070000a3cf870:   000070000a3cf8c0 000000011092a3e8
0x000070000a3cf880:   000000076eb00578 0000000110934f26
0x000070000a3cf890:   000000076eb00578 00000001109694a0
0x000070000a3cf8a0:   000000076eb24220 00000001106d2d70
0x000070000a3cf8b0:   000000010d066f18 0000000000000000
0x000070000a3cf8c0:   000070000a3cf940 00000001105ca2bd
0x000070000a3cf8d0:   000070000a3cf940 00000001105ca2bd
0x000070000a3cf8e0:   00000001105ca2bd 000000076eb24220
0x000070000a3cf8f0:   0000000000000001 000000076eb00578
0x000070000a3cf900:   000070000a3cf8f0 000000010cde17e1
0x000070000a3cf910:   000070000a3cf968 000000010cde2068
0x000070000a3cf920:   0000000000000000 000000010cde18e8
0x000070000a3cf930:   000070000a3cf8e8 000070000a3cf968
0x000070000a3cf940:   000070000a3cf9d0 00000001105c27a7
0x000070000a3cf950:   0000000000000000 0000000000000000
0x000070000a3cf960:   0000000000000000 000000076eb00578
0x000070000a3cf970:   0000700000001fa0 000000000000000a
0x000070000a3cf980:   00007ff352902000 0000000000000001
0x000070000a3cf990:   00000001105c271f 000000010cde18e8
0x000070000a3cf9a0:   000070000a3cfa68 000070000a3cfd00 

Instructions: (pc=0x000000010f3c245f)
0x000000010f3c243f:   c0 e9 82 00 00 00 48 8b 5e 10 48 85 db 75 0e bf
0x000000010f3c244f:   01 00 00 00 48 8d 15 67 7b 03 00 eb d6 49 89 fe
0x000000010f3c245f:   4c 8b 3b 30 c0 e8 21 a6 02 00 49 8b 3f 49 89 c4
0x000000010f3c246f:   48 8b 35 aa 02 06 00 30 c0 e8 51 a7 02 00 48 85 

Register to memory mapping:

RAX=0x000000010f3e2d0e: Java_sun_java2d_opengl_OGLRenderQueue_flushBuffer+0x612 in /Library/Java/JavaVirtualMachines/jdk1.8.0_144.jdk/Contents/Home/jre/lib/libawt_lwawt.dylib at 0x000000010f3a6000
RBX=0x0000000000000002 is an unknown value
RCX=0x0000000000000047 is an unknown value
RDX=0x000000010f3e3258: Java_sun_java2d_opengl_OGLRenderQueue_flushBuffer+0xb5c in /Library/Java/JavaVirtualMachines/jdk1.8.0_144.jdk/Contents/Home/jre/lib/libawt_lwawt.dylib at 0x000000010f3a6000
RSP=0x000070000a3cf7b0 is pointing into the stack for thread: 0x00007ff352902000
RBP=0x000070000a3cf7d0 is pointing into the stack for thread: 0x00007ff352902000
RSI=0x00007ff352474880 is an unknown value
RDI=0x00007ff3529021f8 is an unknown value
R8 =0x00007ff352469b48 is an unknown value
R9 =0xffffffff00000000 is an unknown value
R10=0x000000011093ae78 is at entry_point+56 in (nmethod*)0x000000011093acd0
R11=0x0000000000000020 is an unknown value
R12=0x0000000000000000 is an unknown value
R13=0x000070000a3cf8e8 is pointing into the stack for thread: 0x00007ff352902000
R14=0x00007ff3529021f8 is an unknown value
R15=0x00007ff352902000 is a thread


Stack: [0x000070000a2d0000,0x000070000a3d0000],  sp=0x000070000a3cf7b0,  free space=1021k
Native frames: (J=compiled Java code, j=interpreted, Vv=VM code, C=native code)
C  [libawt_lwawt.dylib+0x1c45f]  OGLSD_SetScratchSurface+0x49
C  [libawt_lwawt.dylib+0x3cd36]  Java_sun_java2d_opengl_OGLRenderQueue_flushBuffer+0x63a
J 953  sun.java2d.opengl.OGLRenderQueue.flushBuffer(JI)V (0 bytes) @ 0x000000011093aeea [0x000000011093ae40+0xaa]
J 1136 C2 sun.java2d.opengl.OGLRenderQueue.access$100(Lsun/java2d/opengl/OGLRenderQueue;)V (5 bytes) @ 0x00000001106d2d70 [0x00000001106d2d40+0x30]
j  sun.java2d.opengl.OGLRenderQueue$QueueFlusher.run()V+81
v  ~StubRoutines::call_stub
V  [libjvm.dylib+0x2ee70a]
V  [libjvm.dylib+0x2eeeae]
V  [libjvm.dylib+0x2ef05a]
V  [libjvm.dylib+0x3497b1]
V  [libjvm.dylib+0x56c0b3]
V  [libjvm.dylib+0x56d7a0]
V  [libjvm.dylib+0x48baee]
C  [libsystem_pthread.dylib+0x36c1]  _pthread_body+0x154
C  [libsystem_pthread.dylib+0x356d]  _pthread_body+0x0
C  [libsystem_pthread.dylib+0x2c5d]  thread_start+0xd
C  0x0000000000000000

Java frames: (J=compiled Java code, j=interpreted, Vv=VM code)
J 953  sun.java2d.opengl.OGLRenderQueue.flushBuffer(JI)V (0 bytes) @ 0x000000011093ae78 [0x000000011093ae40+0x38]
J 1136 C2 sun.java2d.opengl.OGLRenderQueue.access$100(Lsun/java2d/opengl/OGLRenderQueue;)V (5 bytes) @ 0x00000001106d2d70 [0x00000001106d2d40+0x30]
j  sun.java2d.opengl.OGLRenderQueue$QueueFlusher.run()V+81
v  ~StubRoutines::call_stub

---------------  P R O C E S S  ---------------

Java Threads: ( => current thread )
  0x00007ff354100800 JavaThread "DestroyJavaVM" [_thread_blocked, id=5891, stack(0x0000700008b02000,0x0000700008c02000)]
  0x00007ff3529b9800 JavaThread "Thread-0" [_thread_blocked, id=77351, stack(0x000070000a65c000,0x000070000a75c000)]
  0x00007ff352993800 JavaThread "AWT-EventQueue-0" [_thread_blocked, id=77571, stack(0x000070000a559000,0x000070000a659000)]
  0x00007ff3548ed000 JavaThread "Java2D Disposer" daemon [_thread_blocked, id=53519, stack(0x000070000a3d3000,0x000070000a4d3000)]
=>0x00007ff352902000 JavaThread "Java2D Queue Flusher" daemon [_thread_in_native, id=49435, stack(0x000070000a2d0000,0x000070000a3d0000)]
  0x00007ff3548b3000 JavaThread "AWT-Shutdown" [_thread_blocked, id=25899, stack(0x0000700009f3e000,0x000070000a03e000)]
  0x00007ff356802000 JavaThread "AppKit Thread" daemon [_thread_in_native, id=775, stack(0x00007ffee64c9000,0x00007ffee6cc9000)]
  0x00007ff354107800 JavaThread "Monitor Ctrl-Break" daemon [_thread_in_native, id=43267, stack(0x0000700009e3b000,0x0000700009f3b000)]
  0x00007ff35402c800 JavaThread "Service Thread" daemon [_thread_blocked, id=15363, stack(0x0000700009c35000,0x0000700009d35000)]
  0x00007ff355801000 JavaThread "C1 CompilerThread3" daemon [_thread_blocked, id=15875, stack(0x0000700009b32000,0x0000700009c32000)]
  0x00007ff352823800 JavaThread "C2 CompilerThread2" daemon [_thread_blocked, id=14339, stack(0x0000700009a2f000,0x0000700009b2f000)]
  0x00007ff352822800 JavaThread "C2 CompilerThread1" daemon [_thread_blocked, id=16387, stack(0x000070000992c000,0x0000700009a2c000)]
  0x00007ff356000000 JavaThread "C2 CompilerThread0" daemon [_thread_blocked, id=13827, stack(0x0000700009829000,0x0000700009929000)]
  0x00007ff355032800 JavaThread "Signal Dispatcher" daemon [_thread_blocked, id=16647, stack(0x0000700009726000,0x0000700009826000)]
  0x00007ff352817000 JavaThread "Finalizer" daemon [_thread_blocked, id=18947, stack(0x0000700009623000,0x0000700009723000)]
  0x00007ff35500a000 JavaThread "Reference Handler" daemon [_thread_blocked, id=19459, stack(0x0000700009520000,0x0000700009620000)]

Other Threads:
  0x00007ff35481d000 VMThread [stack: 0x000070000941d000,0x000070000951d000] [id=19971]
  0x00007ff354054800 WatcherThread [stack: 0x0000700009d38000,0x0000700009e38000] [id=15107]

VM state:not at safepoint (normal execution)

VM Mutex/Monitor currently owned by a thread: None

Heap:
 PSYoungGen      total 76288K, used 6059K [0x000000076ab00000, 0x0000000770000000, 0x00000007c0000000)
  eden space 65536K, 5% used [0x000000076ab00000,0x000000076aeb2c58,0x000000076eb00000)
  from space 10752K, 21% used [0x000000076eb00000,0x000000076ed38000,0x000000076f580000)
  to   space 10752K, 0% used [0x000000076f580000,0x000000076f580000,0x0000000770000000)
 ParOldGen       total 175104K, used 16K [0x00000006c0000000, 0x00000006cab00000, 0x000000076ab00000)
  object space 175104K, 0% used [0x00000006c0000000,0x00000006c0004000,0x00000006cab00000)
 Metaspace       used 10225K, capacity 10526K, committed 10880K, reserved 1058816K
  class space    used 1203K, capacity 1295K, committed 1408K, reserved 1048576K

Card table byte_map: [0x000000010b378000,0x000000010bb79000] byte_map_base: 0x0000000107d78000

Marking Bits: (ParMarkBitMap*) 0x000000010a8f35d0
 Begin Bits: [0x000000011f5c2000, 0x00000001235c2000)
 End Bits:   [0x00000001235c2000, 0x00000001275c2000)

Polling page: 0x0000000108fbb000

CodeCache: size=245760Kb used=4190Kb max_used=4207Kb free=241569Kb
 bounds [0x00000001105c2000, 0x00000001109f2000, 0x000000011f5c2000]
 total_blobs=1643 nmethods=1131 adapters=426
 compilation: enabled

Compilation events (10 events):
Event: 665.978 Thread 0x00007ff352823800 nmethod 1136 0x00000001106d2bd0 code [0x00000001106d2d40, 0x00000001106d2f48]
Event: 665.978 Thread 0x00007ff352822800 nmethod 1137 0x00000001109d80d0 code [0x00000001109d8240, 0x00000001109d8448]
Event: 1196.454 Thread 0x00007ff356000000 1138       4       java.util.concurrent.locks.ReentrantLock$NonfairSync::tryAcquire (6 bytes)
Event: 1196.456 Thread 0x00007ff356000000 nmethod 1138 0x00000001106d2910 code [0x00000001106d2a60, 0x00000001106d2b38]
Event: 1570.518 Thread 0x00007ff355801000 1139   !   3       java.lang.ref.Reference::tryHandlePending (115 bytes)
Event: 1570.519 Thread 0x00007ff355801000 nmethod 1139 0x00000001109afcd0 code [0x00000001109aff00, 0x00000001109b0bc8]
Event: 1570.519 Thread 0x00007ff355801000 1140   !   3       java.lang.ref.ReferenceQueue::enqueue (119 bytes)
Event: 1570.519 Thread 0x00007ff355801000 nmethod 1140 0x00000001109d9010 code [0x00000001109d91c0, 0x00000001109d9948]
Event: 1570.521 Thread 0x00007ff355801000 1141       3       sun.misc.VM::addFinalRefCount (24 bytes)
Event: 1570.521 Thread 0x00007ff355801000 nmethod 1141 0x00000001109cb610 code [0x00000001109cb780, 0x00000001109cb930]

GC Heap History (2 events):
Event: 1570.510 GC heap before
{Heap before GC invocations=1 (full 0):
 PSYoungGen      total 76288K, used 65536K [0x000000076ab00000, 0x0000000770000000, 0x00000007c0000000)
  eden space 65536K, 100% used [0x000000076ab00000,0x000000076eb00000,0x000000076eb00000)
  from space 10752K, 0% used [0x000000076f580000,0x000000076f580000,0x0000000770000000)
  to   space 10752K, 0% used [0x000000076eb00000,0x000000076eb00000,0x000000076f580000)
 ParOldGen       total 175104K, used 0K [0x00000006c0000000, 0x00000006cab00000, 0x000000076ab00000)
  object space 175104K, 0% used [0x00000006c0000000,0x00000006c0000000,0x00000006cab00000)
 Metaspace       used 10221K, capacity 10526K, committed 10880K, reserved 1058816K
  class space    used 1203K, capacity 1295K, committed 1408K, reserved 1048576K
Event: 1570.517 GC heap after
Heap after GC invocations=1 (full 0):
 PSYoungGen      total 76288K, used 2272K [0x000000076ab00000, 0x0000000770000000, 0x00000007c0000000)
  eden space 65536K, 0% used [0x000000076ab00000,0x000000076ab00000,0x000000076eb00000)
  from space 10752K, 21% used [0x000000076eb00000,0x000000076ed38000,0x000000076f580000)
  to   space 10752K, 0% used [0x000000076f580000,0x000000076f580000,0x0000000770000000)
 ParOldGen       total 175104K, used 16K [0x00000006c0000000, 0x00000006cab00000, 0x000000076ab00000)
  object space 175104K, 0% used [0x00000006c0000000,0x00000006c0004000,0x00000006cab00000)
 Metaspace       used 10221K, capacity 10526K, committed 10880K, reserved 1058816K
  class space    used 1203K, capacity 1295K, committed 1408K, reserved 1048576K
}

Deoptimization events (10 events):
Event: 195.909 Thread 0x00007ff352993800 Uncommon trap: reason=class_check action=maybe_recompile pc=0x00000001109554e4 method=sun.java2d.opengl.OGLRenderer.validateContext(Lsun/java2d/SunGraphics2D;)V @ 23
Event: 195.909 Thread 0x00007ff352993800 Uncommon trap: reason=class_check action=maybe_recompile pc=0x0000000110965de4 method=sun.java2d.SunGraphics2D.setPaint(Ljava/awt/Paint;)V @ 1
Event: 195.909 Thread 0x00007ff352993800 Uncommon trap: reason=class_check action=maybe_recompile pc=0x000000011095ef30 method=sun.java2d.SunGraphics2D.validatePipe()V @ 25
Event: 195.909 Thread 0x00007ff352993800 Uncommon trap: reason=class_check action=maybe_recompile pc=0x00000001109554e4 method=sun.java2d.opengl.OGLRenderer.validateContext(Lsun/java2d/SunGraphics2D;)V @ 23
Event: 195.920 Thread 0x00007ff3529b9800 Uncommon trap: reason=unstable_if action=reinterpret pc=0x00000001109778b4 method=sun.java2d.SunGraphics2D.checkFontInfo(Lsun/java2d/loops/FontInfo;Ljava/awt/Font;Ljava/awt/font/FontRenderContext;)Lsun/java2d/loops/FontInfo; @ 232
Event: 195.920 Thread 0x00007ff3529b9800 Uncommon trap: reason=unstable_if action=reinterpret pc=0x0000000110969b90 method=java.awt.geom.AffineTransform.equals(Ljava/lang/Object;)Z @ 23
Event: 195.920 Thread 0x00007ff3529b9800 Uncommon trap: reason=unstable_if action=reinterpret pc=0x0000000110970844 method=sun.java2d.pipe.GlyphListPipe.drawString(Lsun/java2d/SunGraphics2D;Ljava/lang/String;DD)V @ 35
Event: 195.921 Thread 0x00007ff3529b9800 Uncommon trap: reason=unstable_if action=reinterpret pc=0x0000000110940b50 method=sun.font.CStrike.getGlyphImagePtrs([I[JI)V @ 41
Event: 195.976 Thread 0x00007ff352993800 Uncommon trap: reason=class_check action=maybe_recompile pc=0x0000000110965de4 method=sun.java2d.SunGraphics2D.setPaint(Ljava/awt/Paint;)V @ 1
Event: 1570.517 Thread 0x00007ff3529b9800 Uncommon trap: reason=unstable_if action=reinterpret pc=0x00000001109be148 method=java.lang.ref.SoftReference.get()Ljava/lang/Object; @ 17

Internal exceptions (10 events):
Event: 0.116 Thread 0x00007ff352808800 Exception <a 'java/security/PrivilegedActionException'> (0x000000076abf2e58) thrown at [/Users/java_re/workspace/8-2-build-macosx-x86_64/jdk8u144/9417/hotspot/src/share/vm/prims/jvm.cpp, line 1390]
Event: 0.116 Thread 0x00007ff352808800 Exception <a 'java/security/PrivilegedActionException'> (0x000000076abf3068) thrown at [/Users/java_re/workspace/8-2-build-macosx-x86_64/jdk8u144/9417/hotspot/src/share/vm/prims/jvm.cpp, line 1390]
Event: 0.116 Thread 0x00007ff352808800 Exception <a 'java/security/PrivilegedActionException'> (0x000000076abf6580) thrown at [/Users/java_re/workspace/8-2-build-macosx-x86_64/jdk8u144/9417/hotspot/src/share/vm/prims/jvm.cpp, line 1390]
Event: 0.116 Thread 0x00007ff352808800 Exception <a 'java/security/PrivilegedActionException'> (0x000000076abf6790) thrown at [/Users/java_re/workspace/8-2-build-macosx-x86_64/jdk8u144/9417/hotspot/src/share/vm/prims/jvm.cpp, line 1390]
Event: 0.151 Thread 0x00007ff352808800 Exception <a 'java/lang/NoSuchFieldError': method resolution failed> (0x000000076af52da0) thrown at [/Users/java_re/workspace/8-2-build-macosx-x86_64/jdk8u144/9417/hotspot/src/share/vm/prims/methodHandles.cpp, line 1146]
Event: 0.152 Thread 0x00007ff352808800 Exception <a 'java/lang/NoSuchFieldError': method resolution failed> (0x000000076af604f0) thrown at [/Users/java_re/workspace/8-2-build-macosx-x86_64/jdk8u144/9417/hotspot/src/share/vm/prims/methodHandles.cpp, line 1146]
Event: 0.298 Thread 0x00007ff352808800 Exception <a 'java/io/FileNotFoundException'> (0x000000076afdc320) thrown at [/Users/java_re/workspace/8-2-build-macosx-x86_64/jdk8u144/9417/hotspot/src/share/vm/prims/jni.cpp, line 709]
Event: 0.298 Thread 0x00007ff352808800 Exception <a 'java/io/FileNotFoundException'> (0x000000076afdce90) thrown at [/Users/java_re/workspace/8-2-build-macosx-x86_64/jdk8u144/9417/hotspot/src/share/vm/prims/jni.cpp, line 709]
Event: 195.897 Thread 0x00007ff356802000 Implicit null exception at 0x000000011094202c to 0x0000000110942245
Event: 1570.519 Thread 0x00007ff352817000 Exception <a 'java/lang/NullPointerException'> (0x000000076ad6b1d8) thrown at [/Users/java_re/workspace/8-2-build-macosx-x86_64/jdk8u144/9417/hotspot/src/share/vm/interpreter/linkResolver.cpp, line 1197]

Events (10 events):
Event: 1570.520 Executing VM operation: RevokeBias done
Event: 1570.520 Executing VM operation: RevokeBias
Event: 1570.520 Executing VM operation: RevokeBias done
Event: 1570.520 Executing VM operation: RevokeBias
Event: 1570.520 Executing VM operation: RevokeBias done
Event: 1570.520 Executing VM operation: BulkRevokeBias
Event: 1570.520 Executing VM operation: BulkRevokeBias done
Event: 1570.521 Thread 0x00007ff355801000 flushing nmethod 0x00000001106d2290
Event: 1570.521 Thread 0x00007ff355801000 flushing nmethod 0x00000001106e2210
Event: 1570.521 Thread 0x00007ff355801000 flushing nmethod 0x00000001106e4550


Dynamic libraries:
0x0000000026f17000 	/System/Library/Frameworks/Cocoa.framework/Versions/A/Cocoa
0x0000000026f17000 	/System/Library/Frameworks/Security.framework/Versions/A/Security
0x0000000026f17000 	/System/Library/Frameworks/ApplicationServices.framework/Versions/A/ApplicationServices
0x0000000026f17000 	/usr/lib/libz.1.dylib
0x0000000026f17000 	/usr/lib/libSystem.B.dylib
0x0000000026f17000 	/usr/lib/libobjc.A.dylib
0x0000000026f17000 	/System/Library/Frameworks/CoreFoundation.framework/Versions/A/CoreFoundation
0x0000000026f17000 	/System/Library/Frameworks/Foundation.framework/Versions/C/Foundation
0x0000000026f17000 	/System/Library/Frameworks/AppKit.framework/Versions/C/AppKit
0x0000000026f17000 	/System/Library/Frameworks/CoreData.framework/Versions/A/CoreData
0x0000000026f17000 	/System/Library/PrivateFrameworks/RemoteViewServices.framework/Versions/A/RemoteViewServices
0x0000000026f17000 	/System/Library/PrivateFrameworks/UIFoundation.framework/Versions/A/UIFoundation
0x0000000026f17000 	/System/Library/PrivateFrameworks/DFRFoundation.framework/Versions/A/DFRFoundation
0x0000000026f17000 	/System/Library/Frameworks/Metal.framework/Versions/A/Metal
0x0000000026f17000 	/System/Library/PrivateFrameworks/DesktopServicesPriv.framework/Versions/A/DesktopServicesPriv
0x0000000026f17000 	/usr/lib/libenergytrace.dylib
0x0000000026f17000 	/System/Library/PrivateFrameworks/SkyLight.framework/Versions/A/SkyLight
0x0000000026f17000 	/System/Library/Frameworks/CoreGraphics.framework/Versions/A/CoreGraphics
0x0000000026f17000 	/usr/lib/libScreenReader.dylib
0x0000000026f17000 	/System/Library/Frameworks/Accelerate.framework/Versions/A/Accelerate
0x0000000026f17000 	/System/Library/Frameworks/IOSurface.framework/Versions/A/IOSurface
0x0000000026f17000 	/System/Library/Frameworks/AudioToolbox.framework/Versions/A/AudioToolbox
0x0000000026f17000 	/System/Library/Frameworks/AudioUnit.framework/Versions/A/AudioUnit
0x0000000026f17000 	/System/Library/PrivateFrameworks/DataDetectorsCore.framework/Versions/A/DataDetectorsCore
0x0000000026f17000 	/System/Library/Frameworks/Carbon.framework/Versions/A/Frameworks/HIToolbox.framework/Versions/A/HIToolbox
0x0000000026f17000 	/usr/lib/libicucore.A.dylib
0x0000000026f17000 	/System/Library/Frameworks/QuartzCore.framework/Versions/A/QuartzCore
0x0000000026f17000 	/System/Library/Frameworks/Carbon.framework/Versions/A/Frameworks/SpeechRecognition.framework/Versions/A/SpeechRecognition
0x0000000026f17000 	/usr/lib/libauto.dylib
0x0000000026f17000 	/usr/lib/libxml2.2.dylib
0x0000000026f17000 	/System/Library/PrivateFrameworks/CoreUI.framework/Versions/A/CoreUI
0x0000000026f17000 	/System/Library/Frameworks/CoreAudio.framework/Versions/A/CoreAudio
0x0000000026f17000 	/System/Library/Frameworks/DiskArbitration.framework/Versions/A/DiskArbitration
0x0000000026f17000 	/usr/lib/liblangid.dylib
0x0000000026f17000 	/System/Library/PrivateFrameworks/MultitouchSupport.framework/Versions/A/MultitouchSupport
0x0000000026f17000 	/System/Library/Frameworks/IOKit.framework/Versions/A/IOKit
0x0000000026f17000 	/usr/lib/libDiagnosticMessagesClient.dylib
0x0000000026f17000 	/System/Library/Frameworks/CoreServices.framework/Versions/A/CoreServices
0x0000000026f17000 	/System/Library/PrivateFrameworks/PerformanceAnalysis.framework/Versions/A/PerformanceAnalysis
0x0000000026f17000 	/System/Library/Frameworks/OpenGL.framework/Versions/A/OpenGL
0x0000000026f17000 	/System/Library/Frameworks/ColorSync.framework/Versions/A/ColorSync
0x0000000026f17000 	/System/Library/Frameworks/CoreImage.framework/Versions/A/CoreImage
0x0000000026f17000 	/System/Library/Frameworks/CoreText.framework/Versions/A/CoreText
0x0000000026f17000 	/System/Library/Frameworks/ImageIO.framework/Versions/A/ImageIO
0x0000000026f17000 	/System/Library/PrivateFrameworks/Backup.framework/Versions/A/Backup
0x0000000026f17000 	/usr/lib/libarchive.2.dylib
0x0000000026f17000 	/System/Library/Frameworks/CFNetwork.framework/Versions/A/CFNetwork
0x0000000026f17000 	/System/Library/Frameworks/SystemConfiguration.framework/Versions/A/SystemConfiguration
0x0000000026f17000 	/usr/lib/libCRFSuite.dylib
0x0000000026f17000 	/usr/lib/libc++.1.dylib
0x0000000026f17000 	/usr/lib/libc++abi.dylib
0x0000000026f17000 	/usr/lib/system/libcache.dylib
0x0000000026f17000 	/usr/lib/system/libcommonCrypto.dylib
0x0000000026f17000 	/usr/lib/system/libcompiler_rt.dylib
0x0000000026f17000 	/usr/lib/system/libcopyfile.dylib
0x0000000026f17000 	/usr/lib/system/libcorecrypto.dylib
0x0000000026f17000 	/usr/lib/system/libdispatch.dylib
0x0000000026f17000 	/usr/lib/system/libdyld.dylib
0x0000000026f17000 	/usr/lib/system/libkeymgr.dylib
0x0000000026f17000 	/usr/lib/system/liblaunch.dylib
0x0000000026f17000 	/usr/lib/system/libmacho.dylib
0x0000000026f17000 	/usr/lib/system/libquarantine.dylib
0x0000000026f17000 	/usr/lib/system/libremovefile.dylib
0x0000000026f17000 	/usr/lib/system/libsystem_asl.dylib
0x0000000026f17000 	/usr/lib/system/libsystem_blocks.dylib
0x0000000026f17000 	/usr/lib/system/libsystem_c.dylib
0x0000000026f17000 	/usr/lib/system/libsystem_configuration.dylib
0x0000000026f17000 	/usr/lib/system/libsystem_coreservices.dylib
0x0000000026f17000 	/usr/lib/system/libsystem_darwin.dylib
0x0000000026f17000 	/usr/lib/system/libsystem_dnssd.dylib
0x0000000026f17000 	/usr/lib/system/libsystem_info.dylib
0x0000000026f17000 	/usr/lib/system/libsystem_m.dylib
0x0000000026f17000 	/usr/lib/system/libsystem_malloc.dylib
0x0000000026f17000 	/usr/lib/system/libsystem_network.dylib
0x0000000026f17000 	/usr/lib/system/libsystem_networkextension.dylib
0x0000000026f17000 	/usr/lib/system/libsystem_notify.dylib
0x0000000026f17000 	/usr/lib/system/libsystem_sandbox.dylib
0x0000000026f17000 	/usr/lib/system/libsystem_secinit.dylib
0x0000000026f17000 	/usr/lib/system/libsystem_kernel.dylib
0x0000000026f17000 	/usr/lib/system/libsystem_platform.dylib
0x0000000026f17000 	/usr/lib/system/libsystem_pthread.dylib
0x0000000026f17000 	/usr/lib/system/libsystem_symptoms.dylib
0x0000000026f17000 	/usr/lib/system/libsystem_trace.dylib
0x0000000026f17000 	/usr/lib/system/libunwind.dylib
0x0000000026f17000 	/usr/lib/system/libxpc.dylib
0x0000000026f17000 	/usr/lib/closure/libclosured.dylib
0x0000000026f17000 	/usr/lib/libbsm.0.dylib
0x0000000026f17000 	/usr/lib/system/libkxld.dylib
0x0000000026f17000 	/usr/lib/libOpenScriptingUtil.dylib
0x0000000026f17000 	/usr/lib/libcoretls.dylib
0x0000000026f17000 	/usr/lib/libcoretls_cfhelpers.dylib
0x0000000026f17000 	/usr/lib/libpam.2.dylib
0x0000000026f17000 	/usr/lib/libsqlite3.dylib
0x0000000026f17000 	/usr/lib/libxar.1.dylib
0x0000000026f17000 	/usr/lib/libbz2.1.0.dylib
0x0000000026f17000 	/usr/lib/liblzma.5.dylib
0x0000000026f17000 	/usr/lib/libnetwork.dylib
0x0000000026f17000 	/usr/lib/libapple_nghttp2.dylib
0x0000000026f17000 	/usr/lib/libpcap.A.dylib
0x0000000026f17000 	/usr/lib/libboringssl.dylib
0x0000000026f17000 	/usr/lib/libusrtcp.dylib
0x0000000026f17000 	/usr/lib/libapple_crypto.dylib
0x0000000026f17000 	/System/Library/Frameworks/CoreServices.framework/Versions/A/Frameworks/FSEvents.framework/Versions/A/FSEvents
0x0000000026f17000 	/System/Library/Frameworks/CoreServices.framework/Versions/A/Frameworks/CarbonCore.framework/Versions/A/CarbonCore
0x0000000026f17000 	/System/Library/Frameworks/CoreServices.framework/Versions/A/Frameworks/Metadata.framework/Versions/A/Metadata
0x0000000026f17000 	/System/Library/Frameworks/CoreServices.framework/Versions/A/Frameworks/OSServices.framework/Versions/A/OSServices
0x0000000026f17000 	/System/Library/Frameworks/CoreServices.framework/Versions/A/Frameworks/SearchKit.framework/Versions/A/SearchKit
0x0000000026f17000 	/System/Library/Frameworks/CoreServices.framework/Versions/A/Frameworks/AE.framework/Versions/A/AE
0x0000000026f17000 	/System/Library/Frameworks/CoreServices.framework/Versions/A/Frameworks/LaunchServices.framework/Versions/A/LaunchServices
0x0000000026f17000 	/System/Library/Frameworks/CoreServices.framework/Versions/A/Frameworks/DictionaryServices.framework/Versions/A/DictionaryServices
0x0000000026f17000 	/System/Library/Frameworks/CoreServices.framework/Versions/A/Frameworks/SharedFileList.framework/Versions/A/SharedFileList
0x0000000026f17000 	/System/Library/Frameworks/NetFS.framework/Versions/A/NetFS
0x0000000026f17000 	/System/Library/PrivateFrameworks/NetAuth.framework/Versions/A/NetAuth
0x0000000026f17000 	/System/Library/PrivateFrameworks/login.framework/Versions/A/Frameworks/loginsupport.framework/Versions/A/loginsupport
0x0000000026f17000 	/System/Library/PrivateFrameworks/TCC.framework/Versions/A/TCC
0x0000000026f17000 	/usr/lib/libmecabra.dylib
0x0000000026f17000 	/System/Library/Frameworks/ApplicationServices.framework/Versions/A/Frameworks/ATS.framework/Versions/A/ATS
0x0000000026f17000 	/System/Library/Frameworks/ApplicationServices.framework/Versions/A/Frameworks/ColorSyncLegacy.framework/Versions/A/ColorSyncLegacy
0x0000000026f17000 	/System/Library/Frameworks/ApplicationServices.framework/Versions/A/Frameworks/HIServices.framework/Versions/A/HIServices
0x0000000026f17000 	/System/Library/Frameworks/ApplicationServices.framework/Versions/A/Frameworks/LangAnalysis.framework/Versions/A/LangAnalysis
0x0000000026f17000 	/System/Library/Frameworks/ApplicationServices.framework/Versions/A/Frameworks/PrintCore.framework/Versions/A/PrintCore
0x0000000026f17000 	/System/Library/Frameworks/ApplicationServices.framework/Versions/A/Frameworks/QD.framework/Versions/A/QD
0x0000000026f17000 	/System/Library/Frameworks/ApplicationServices.framework/Versions/A/Frameworks/SpeechSynthesis.framework/Versions/A/SpeechSynthesis
0x0000000026f17000 	/System/Library/Frameworks/CoreDisplay.framework/Versions/A/CoreDisplay
0x0000000026f17000 	/System/Library/Frameworks/Accelerate.framework/Versions/A/Frameworks/vImage.framework/Versions/A/vImage
0x0000000026f17000 	/System/Library/Frameworks/Accelerate.framework/Versions/A/Frameworks/vecLib.framework/Versions/A/vecLib
0x0000000026f17000 	/System/Library/Frameworks/Accelerate.framework/Versions/A/Frameworks/vecLib.framework/Versions/A/libvDSP.dylib
0x0000000026f17000 	/System/Library/Frameworks/Accelerate.framework/Versions/A/Frameworks/vecLib.framework/Versions/A/libBNNS.dylib
0x0000000026f17000 	/System/Library/Frameworks/Accelerate.framework/Versions/A/Frameworks/vecLib.framework/Versions/A/libQuadrature.dylib
0x0000000026f17000 	/System/Library/Frameworks/Accelerate.framework/Versions/A/Frameworks/vecLib.framework/Versions/A/libvMisc.dylib
0x0000000026f17000 	/System/Library/Frameworks/Accelerate.framework/Versions/A/Frameworks/vecLib.framework/Versions/A/libLAPACK.dylib
0x0000000026f17000 	/System/Library/Frameworks/Accelerate.framework/Versions/A/Frameworks/vecLib.framework/Versions/A/libBLAS.dylib
0x0000000026f17000 	/System/Library/Frameworks/Accelerate.framework/Versions/A/Frameworks/vecLib.framework/Versions/A/libLinearAlgebra.dylib
0x0000000026f17000 	/System/Library/Frameworks/Accelerate.framework/Versions/A/Frameworks/vecLib.framework/Versions/A/libSparse.dylib
0x0000000026f17000 	/System/Library/Frameworks/Accelerate.framework/Versions/A/Frameworks/vecLib.framework/Versions/A/libSparseBLAS.dylib
0x0000000026f17000 	/System/Library/PrivateFrameworks/IOAccelerator.framework/Versions/A/IOAccelerator
0x0000000026f17000 	/System/Library/PrivateFrameworks/IOPresentment.framework/Versions/A/IOPresentment
0x0000000026f17000 	/System/Library/PrivateFrameworks/DSExternalDisplay.framework/Versions/A/DSExternalDisplay
0x0000000026f17000 	/System/Library/Frameworks/OpenGL.framework/Versions/A/Libraries/libCoreFSCache.dylib
0x0000000026f17000 	/System/Library/Frameworks/CoreVideo.framework/Versions/A/CoreVideo
0x0000000026f17000 	/System/Library/PrivateFrameworks/GraphVisualizer.framework/Versions/A/GraphVisualizer
0x0000000026f17000 	/System/Library/Frameworks/MetalPerformanceShaders.framework/Versions/A/MetalPerformanceShaders
0x0000000026f17000 	/usr/lib/libFosl_dynamic.dylib
0x0000000026f17000 	/System/Library/PrivateFrameworks/FaceCore.framework/Versions/A/FaceCore
0x0000000026f17000 	/System/Library/Frameworks/OpenCL.framework/Versions/A/OpenCL
0x0000000026f17000 	/usr/lib/libcompression.dylib
0x0000000026f17000 	/System/Library/Frameworks/ApplicationServices.framework/Versions/A/Frameworks/ATS.framework/Versions/A/Resources/libFontParser.dylib
0x0000000026f17000 	/System/Library/Frameworks/ApplicationServices.framework/Versions/A/Frameworks/ATS.framework/Versions/A/Resources/libFontRegistry.dylib
0x0000000026f17000 	/System/Library/Frameworks/ImageIO.framework/Versions/A/Resources/libJPEG.dylib
0x0000000026f17000 	/System/Library/Frameworks/ImageIO.framework/Versions/A/Resources/libTIFF.dylib
0x0000000026f17000 	/System/Library/Frameworks/ImageIO.framework/Versions/A/Resources/libPng.dylib
0x0000000026f17000 	/System/Library/Frameworks/ImageIO.framework/Versions/A/Resources/libGIF.dylib
0x0000000026f17000 	/System/Library/Frameworks/ImageIO.framework/Versions/A/Resources/libJP2.dylib
0x0000000026f17000 	/System/Library/Frameworks/ImageIO.framework/Versions/A/Resources/libRadiance.dylib
0x0000000026f17000 	/System/Library/PrivateFrameworks/AppleJPEG.framework/Versions/A/AppleJPEG
0x0000000026f17000 	/System/Library/PrivateFrameworks/MetalTools.framework/Versions/A/MetalTools
0x0000000026f17000 	/System/Library/Frameworks/MetalPerformanceShaders.framework/Frameworks/MPSCore.framework/Versions/A/MPSCore
0x0000000026f17000 	/System/Library/Frameworks/MetalPerformanceShaders.framework/Frameworks/MPSImage.framework/Versions/A/MPSImage
0x0000000026f17000 	/System/Library/Frameworks/MetalPerformanceShaders.framework/Frameworks/MPSMatrix.framework/Versions/A/MPSMatrix
0x0000000026f17000 	/System/Library/Frameworks/MetalPerformanceShaders.framework/Frameworks/MPSNeuralNetwork.framework/Versions/A/MPSNeuralNetwork
0x0000000026f17000 	/System/Library/Frameworks/OpenGL.framework/Versions/A/Libraries/libGLU.dylib
0x0000000026f17000 	/System/Library/Frameworks/OpenGL.framework/Versions/A/Libraries/libGFXShared.dylib
0x0000000026f17000 	/System/Library/Frameworks/OpenGL.framework/Versions/A/Libraries/libGL.dylib
0x0000000026f17000 	/System/Library/Frameworks/OpenGL.framework/Versions/A/Libraries/libGLImage.dylib
0x0000000026f17000 	/System/Library/Frameworks/OpenGL.framework/Versions/A/Libraries/libCVMSPluginSupport.dylib
0x0000000026f17000 	/System/Library/Frameworks/OpenGL.framework/Versions/A/Libraries/libCoreVMClient.dylib
0x0000000026f17000 	/usr/lib/libcups.2.dylib
0x0000000026f17000 	/System/Library/Frameworks/Kerberos.framework/Versions/A/Kerberos
0x0000000026f17000 	/System/Library/Frameworks/GSS.framework/Versions/A/GSS
0x0000000026f17000 	/usr/lib/libresolv.9.dylib
0x0000000026f17000 	/usr/lib/libiconv.2.dylib
0x0000000026f17000 	/System/Library/PrivateFrameworks/Heimdal.framework/Versions/A/Heimdal
0x0000000026f17000 	/usr/lib/libheimdal-asn1.dylib
0x0000000026f17000 	/System/Library/Frameworks/OpenDirectory.framework/Versions/A/OpenDirectory
0x0000000026f17000 	/System/Library/PrivateFrameworks/CommonAuth.framework/Versions/A/CommonAuth
0x0000000026f17000 	/System/Library/Frameworks/OpenDirectory.framework/Versions/A/Frameworks/CFOpenDirectory.framework/Versions/A/CFOpenDirectory
0x0000000026f17000 	/System/Library/Frameworks/SecurityFoundation.framework/Versions/A/SecurityFoundation
0x0000000026f17000 	/System/Library/PrivateFrameworks/APFS.framework/Versions/A/APFS
0x0000000026f17000 	/usr/lib/libutil.dylib
0x0000000026f17000 	/System/Library/PrivateFrameworks/AppleSauce.framework/Versions/A/AppleSauce
0x0000000026f17000 	/System/Library/PrivateFrameworks/LinguisticData.framework/Versions/A/LinguisticData
0x0000000026f17000 	/usr/lib/libmarisa.dylib
0x0000000026f17000 	/System/Library/PrivateFrameworks/Lexicon.framework/Versions/A/Lexicon
0x0000000026f17000 	/usr/lib/libChineseTokenizer.dylib
0x0000000026f17000 	/usr/lib/libcmph.dylib
0x0000000026f17000 	/System/Library/PrivateFrameworks/LanguageModeling.framework/Versions/A/LanguageModeling
0x0000000026f17000 	/System/Library/PrivateFrameworks/CoreEmoji.framework/Versions/A/CoreEmoji
0x0000000026f17000 	/System/Library/Frameworks/ServiceManagement.framework/Versions/A/ServiceManagement
0x0000000026f17000 	/System/Library/PrivateFrameworks/BackgroundTaskManagement.framework/Versions/A/BackgroundTaskManagement
0x0000000026f17000 	/usr/lib/libxslt.1.dylib
0x0000000026f17000 	/System/Library/Frameworks/Carbon.framework/Versions/A/Frameworks/Ink.framework/Versions/A/Ink
0x0000000026f17000 	/System/Library/PrivateFrameworks/TextureIO.framework/Versions/A/TextureIO
0x0000000026f17000 	/usr/lib/libate.dylib
0x0000000026f17000 	/System/Library/PrivateFrameworks/CrashReporterSupport.framework/Versions/A/CrashReporterSupport
0x0000000026f17000 	/System/Library/PrivateFrameworks/Sharing.framework/Versions/A/Sharing
0x0000000026f17000 	/System/Library/PrivateFrameworks/IconServices.framework/Versions/A/IconServices
0x0000000026f17000 	/System/Library/PrivateFrameworks/ProtocolBuffer.framework/Versions/A/ProtocolBuffer
0x0000000026f17000 	/System/Library/PrivateFrameworks/Apple80211.framework/Versions/A/Apple80211
0x0000000026f17000 	/System/Library/Frameworks/CoreWLAN.framework/Versions/A/CoreWLAN
0x0000000026f17000 	/System/Library/PrivateFrameworks/CoreUtils.framework/Versions/A/CoreUtils
0x0000000026f17000 	/System/Library/Frameworks/IOBluetooth.framework/Versions/A/IOBluetooth
0x0000000026f17000 	/System/Library/PrivateFrameworks/CoreWiFi.framework/Versions/A/CoreWiFi
0x0000000026f17000 	/System/Library/Frameworks/CoreBluetooth.framework/Versions/A/CoreBluetooth
0x0000000026f17000 	/System/Library/PrivateFrameworks/SignpostNotification.framework/Versions/A/SignpostNotification
0x0000000026f17000 	/System/Library/PrivateFrameworks/DebugSymbols.framework/Versions/A/DebugSymbols
0x0000000026f17000 	/System/Library/PrivateFrameworks/CoreSymbolication.framework/Versions/A/CoreSymbolication
0x0000000026f17000 	/System/Library/PrivateFrameworks/Symbolication.framework/Versions/A/Symbolication
0x0000000026f17000 	/System/Library/PrivateFrameworks/AppleFSCompression.framework/Versions/A/AppleFSCompression
0x0000000026f17000 	/System/Library/PrivateFrameworks/SpeechRecognitionCore.framework/Versions/A/SpeechRecognitionCore
0x000000010a000000 	/Library/Java/JavaVirtualMachines/jdk1.8.0_144.jdk/Contents/Home/jre/lib/server/libjvm.dylib
0x0000000026f17000 	/usr/lib/libstdc++.6.0.9.dylib
0x0000000108f78000 	/Library/Java/JavaVirtualMachines/jdk1.8.0_144.jdk/Contents/Home/jre/lib/libverify.dylib
0x0000000108f86000 	/Library/Java/JavaVirtualMachines/jdk1.8.0_144.jdk/Contents/Home/jre/lib/libjava.dylib
0x000000010afaf000 	/Library/Java/JavaVirtualMachines/jdk1.8.0_144.jdk/Contents/Home/jre/lib/libzip.dylib
0x0000000026f17000 	/System/Library/Frameworks/JavaVM.framework/Versions/A/Frameworks/JavaRuntimeSupport.framework/Versions/A/JavaRuntimeSupport
0x0000000026f17000 	/System/Library/Frameworks/JavaVM.framework/Versions/A/Frameworks/JavaNativeFoundation.framework/Versions/A/JavaNativeFoundation
0x0000000026f17000 	/System/Library/Frameworks/JavaVM.framework/Versions/A/JavaVM
0x0000000026f17000 	/System/Library/Frameworks/Carbon.framework/Versions/A/Carbon
0x0000000026f17000 	/System/Library/PrivateFrameworks/JavaLaunching.framework/Versions/A/JavaLaunching
0x0000000026f17000 	/System/Library/Frameworks/Carbon.framework/Versions/A/Frameworks/CommonPanels.framework/Versions/A/CommonPanels
0x0000000026f17000 	/System/Library/Frameworks/Carbon.framework/Versions/A/Frameworks/Help.framework/Versions/A/Help
0x0000000026f17000 	/System/Library/Frameworks/Carbon.framework/Versions/A/Frameworks/ImageCapture.framework/Versions/A/ImageCapture
0x0000000026f17000 	/System/Library/Frameworks/Carbon.framework/Versions/A/Frameworks/OpenScripting.framework/Versions/A/OpenScripting
0x0000000026f17000 	/System/Library/Frameworks/Carbon.framework/Versions/A/Frameworks/Print.framework/Versions/A/Print
0x0000000026f17000 	/System/Library/Frameworks/Carbon.framework/Versions/A/Frameworks/SecurityHI.framework/Versions/A/SecurityHI
0x000000010f1d0000 	/Applications/IntelliJ IDEA 14.app/Contents/bin/libbreakgen64.jnilib
0x000000010f1d3000 	/Library/Java/JavaVirtualMachines/jdk1.8.0_144.jdk/Contents/Home/jre/lib/libnet.dylib
0x000000010f232000 	/Library/Java/JavaVirtualMachines/jdk1.8.0_144.jdk/Contents/Home/jre/lib/libawt.dylib
0x000000010f2da000 	/Library/Java/JavaVirtualMachines/jdk1.8.0_144.jdk/Contents/Home/jre/lib/./libmlib_image.dylib
0x000000010f3a6000 	/Library/Java/JavaVirtualMachines/jdk1.8.0_144.jdk/Contents/Home/jre/lib/libawt_lwawt.dylib
0x000000010f45d000 	/Library/Java/JavaVirtualMachines/jdk1.8.0_144.jdk/Contents/Home/jre/lib/./libosxapp.dylib
0x0000000026f17000 	/System/Library/Frameworks/ExceptionHandling.framework/Versions/A/ExceptionHandling
0x0000000026f17000 	/System/Library/PrivateFrameworks/CoreServicesInternal.framework/Versions/A/CoreServicesInternal
0x0000000026f17000 	/System/Library/CoreServices/RawCamera.bundle/Contents/MacOS/RawCamera
0x0000000026f17000 	/System/Library/PrivateFrameworks/MobileAsset.framework/Versions/A/MobileAsset
0x0000000026f17000 	/System/Library/PrivateFrameworks/StreamingZip.framework/Versions/A/StreamingZip
0x0000000026f17000 	/System/Library/Frameworks/MediaToolbox.framework/Versions/A/MediaToolbox
0x0000000026f17000 	/System/Library/PrivateFrameworks/CoreAVCHD.framework/Versions/A/CoreAVCHD
0x0000000026f17000 	/System/Library/Frameworks/MediaAccessibility.framework/Versions/A/MediaAccessibility
0x0000000026f17000 	/System/Library/PrivateFrameworks/Mangrove.framework/Versions/A/Mangrove
0x0000000026f17000 	/System/Library/Frameworks/CoreMedia.framework/Versions/A/CoreMedia
0x0000000026f17000 	/System/Library/Frameworks/VideoToolbox.framework/Versions/A/VideoToolbox
0x0000000026f17000 	/System/Library/PrivateFrameworks/CoreAUC.framework/Versions/A/CoreAUC
0x0000000026f17000 	/usr/lib/libspindump.dylib
0x0000000026f17000 	/usr/lib/libdscsym.dylib
0x0000000026f17000 	/System/Library/PrivateFrameworks/AppleVA.framework/Versions/A/AppleVA
0x0000000026f17000 	/System/Library/Frameworks/Accelerate.framework/Versions/A/Frameworks/vImage.framework/Versions/A/Libraries/libCGInterfaces.dylib
0x0000000026f17000 	/System/Library/Frameworks/ApplicationServices.framework/Versions/A/Frameworks/ATS.framework/Versions/A/Resources/libTrueTypeScaler.dylib
0x0000000026f17000 	/System/Library/Frameworks/OpenGL.framework/Versions/A/Resources/GLEngine.bundle/GLEngine
0x0000000026f17000 	/System/Library/Frameworks/OpenGL.framework/Versions/A/Libraries/libGLProgrammability.dylib
0x0000000129f9f000 	/System/Library/Extensions/AppleIntelHD5000GraphicsGLDriver.bundle/Contents/MacOS/AppleIntelHD5000GraphicsGLDriver
0x0000000026f17000 	/System/Library/PrivateFrameworks/GPUSupport.framework/Versions/A/Libraries/libGPUSupportMercury.dylib
0x0000000026f17000 	/System/Library/Frameworks/OpenGL.framework/Versions/A/Resources/GLRendererFloat.bundle/GLRendererFloat
0x0000000026f17000 	/System/Library/Frameworks/OpenCL.framework/Versions/A/Libraries/libcldcpuengine.dylib
0x0000000026f17000 	/usr/lib/libcrypto.35.dylib
0x0000000026f17000 	/System/Library/PrivateFrameworks/TrustEvaluationAgent.framework/Versions/A/TrustEvaluationAgent
0x0000000026f17000 	/System/Library/Extensions/AppleIntelHD5000GraphicsMTLDriver.bundle/Contents/MacOS/AppleIntelHD5000GraphicsMTLDriver
0x0000000026f17000 	/System/Library/PrivateFrameworks/GPUCompiler.framework/Versions/3802/Libraries/libmetal_timestamp.dylib
0x0000000026f17000 	/System/Library/PrivateFrameworks/FamilyControls.framework/Versions/A/FamilyControls
0x0000000026f17000 	/System/Library/PrivateFrameworks/CommerceKit.framework/Versions/A/Frameworks/CommerceCore.framework/Versions/A/CommerceCore
0x0000000026f17000 	/System/Library/PrivateFrameworks/SystemAdministration.framework/Versions/A/SystemAdministration
0x0000000026f17000 	/System/Library/PrivateFrameworks/AppContainer.framework/Versions/A/AppContainer
0x0000000026f17000 	/System/Library/PrivateFrameworks/SecCodeWrapper.framework/Versions/A/SecCodeWrapper
0x0000000026f17000 	/System/Library/PrivateFrameworks/DiskManagement.framework/Versions/A/DiskManagement
0x0000000026f17000 	/System/Library/Frameworks/DirectoryService.framework/Versions/A/DirectoryService
0x0000000026f17000 	/System/Library/PrivateFrameworks/DiskImages.framework/Versions/A/DiskImages
0x0000000026f17000 	/System/Library/PrivateFrameworks/LoginUIKit.framework/Versions/A/Frameworks/LoginUICore.framework/Versions/A/LoginUICore
0x0000000026f17000 	/usr/lib/libCoreStorage.dylib
0x0000000026f17000 	/usr/lib/libcsfde.dylib
0x0000000026f17000 	/usr/lib/libodfde.dylib
0x0000000026f17000 	/System/Library/PrivateFrameworks/MediaKit.framework/Versions/A/MediaKit
0x0000000026f17000 	/System/Library/Frameworks/DiscRecording.framework/Versions/A/DiscRecording
0x0000000026f17000 	/System/Library/PrivateFrameworks/EFILogin.framework/Versions/A/EFILogin
0x0000000026f17000 	/System/Library/PrivateFrameworks/ProtectedCloudStorage.framework/Versions/A/ProtectedCloudStorage
0x0000000026f17000 	/usr/lib/libcurl.4.dylib
0x0000000026f17000 	/usr/lib/libssl.35.dylib
0x0000000026f17000 	/System/Library/Frameworks/LDAP.framework/Versions/A/LDAP
0x0000000026f17000 	/usr/lib/libsasl2.2.dylib
0x0000000026f17000 	/System/Library/PrivateFrameworks/CoreDaemon.framework/Versions/B/CoreDaemon
0x0000000026f17000 	/System/Library/PrivateFrameworks/AppleSRP.framework/Versions/A/AppleSRP
0x000000012b18f000 	/Library/Java/JavaVirtualMachines/jdk1.8.0_144.jdk/Contents/Home/jre/lib/libfontmanager.dylib
0x0000000129f91000 	/Library/Java/JavaVirtualMachines/jdk1.8.0_144.jdk/Contents/Home/jre/lib/libosxui.dylib
0x0000000128f69000 	/Library/Java/JavaVirtualMachines/jdk1.8.0_144.jdk/Contents/Home/jre/lib/libnio.dylib

VM Arguments:
jvm_args: -Didea.launcher.port=7532 -Didea.launcher.bin.path=/Applications/IntelliJ IDEA 14.app/Contents/bin -Dfile.encoding=UTF-8 
java_command: com.intellij.rt.execution.application.AppMain in.codekamp.main.Game
java_class_path (initial): /Library/Java/JavaVirtualMachines/jdk1.8.0_144.jdk/Contents/Home/lib/ant-javafx.jar:/Library/Java/JavaVirtualMachines/jdk1.8.0_144.jdk/Contents/Home/lib/dt.jar:/Library/Java/JavaVirtualMachines/jdk1.8.0_144.jdk/Contents/Home/lib/javafx-mx.jar:/Library/Java/JavaVirtualMachines/jdk1.8.0_144.jdk/Contents/Home/lib/jconsole.jar:/Library/Java/JavaVirtualMachines/jdk1.8.0_144.jdk/Contents/Home/lib/packager.jar:/Library/Java/JavaVirtualMachines/jdk1.8.0_144.jdk/Contents/Home/lib/sa-jdi.jar:/Library/Java/JavaVirtualMachines/jdk1.8.0_144.jdk/Contents/Home/lib/tools.jar:/Library/Java/JavaVirtualMachines/jdk1.8.0_144.jdk/Contents/Home/jre/lib/charsets.jar:/Library/Java/JavaVirtualMachines/jdk1.8.0_144.jdk/Contents/Home/jre/lib/deploy.jar:/Library/Java/JavaVirtualMachines/jdk1.8.0_144.jdk/Contents/Home/jre/lib/javaws.jar:/Library/Java/JavaVirtualMachines/jdk1.8.0_144.jdk/Contents/Home/jre/lib/jce.jar:/Library/Java/JavaVirtualMachines/jdk1.8.0_144.jdk/Contents/Home/jre/lib/jfr.jar:/Library/Java/JavaVirtualMachines/jdk1.8.0_144.jdk/Contents/Home/jre/lib/jfxswt.jar:/Library/Java/JavaVirtualMachines/jdk1.8.0_144.jdk/Contents/Home/jre/lib/jsse.jar:/Library/Java/JavaVirtualMachines/jdk1.8.0_144.jdk/Contents/Home/jre/lib/management-agent.jar:/Library/Java/JavaVirtualMachines/jdk1.8.0_144.jdk/Contents/Home/jre/lib/plugin.jar:/Library/Java/JavaVirtualMachines/jdk1.8.0_144.jdk/Contents/Home/jre/lib/resources.jar:/Library/Java/JavaVirtualMachines/jdk1.8.0_144.jdk/Contents/Home/jre/lib/rt.jar:/Library/Java/JavaVirtualMachines/jdk1.8.0_144.jdk/Contents/Home/jre/lib/ext/cldrdata.jar:/Library/Java/JavaVirtualMachines/jdk1.8.0_144.jdk/Contents/Home/jre/lib/ext/dnsns.jar:/Library/Java/JavaVirtualMachines/jdk1.8.0_144.jdk/Contents/Home/jre/lib/ext/jaccess.jar:/Library/Java/JavaVirtualMachines/jdk1.8.0_144.jdk/Contents/Home/jre/lib/ext/jfxrt.jar:/Library/Java/JavaVirtualMachines/jdk1.8.0_144.jdk/Contents/Home/jre/lib/ext/localedata.jar:/Library/Java/JavaVirtualMachines
Launcher Type: SUN_STANDARD

Environment Variables:
PATH=/Library/Frameworks/Python.framework/Versions/3.6/bin:/Library/Frameworks/Python.framework/Versions/3.6/bin:/usr/local/bin:/usr/bin:/bin:/usr/sbin:/sbin:/Users/cerebro/.composer/vendor/bin:/usr/local/MacGPG2/bin:/usr/local/share/dotnet:/opt/X11/bin:/Library/Frameworks/Mono.framework/Versions/Current/Commands:/usr/local/git/bin:/Users/cerebro/.rvm/bin
SHELL=/bin/bash
DISPLAY=/private/tmp/com.apple.launchd.rQAYUlUlko/org.macosforge.xquartz:0

Signal Handlers:
SIGSEGV: [libjvm.dylib+0x5b26e5], sa_mask[0]=11111111011111110111111111111111, sa_flags=SA_ONSTACK|SA_RESTART|SA_SIGINFO
SIGBUS: [libjvm.dylib+0x5b26e5], sa_mask[0]=11111111011111110111111111111111, sa_flags=SA_RESTART|SA_SIGINFO
SIGFPE: [libjvm.dylib+0x489100], sa_mask[0]=11111111011111110111111111111111, sa_flags=SA_RESTART|SA_SIGINFO
SIGPIPE: [libjvm.dylib+0x489100], sa_mask[0]=11111111011111110111111111111111, sa_flags=SA_RESTART|SA_SIGINFO
SIGXFSZ: [libjvm.dylib+0x489100], sa_mask[0]=11111111011111110111111111111111, sa_flags=SA_RESTART|SA_SIGINFO
SIGILL: [libjvm.dylib+0x489100], sa_mask[0]=11111111011111110111111111111111, sa_flags=SA_RESTART|SA_SIGINFO
SIGUSR1: SIG_DFL, sa_mask[0]=00000000000000000000000000000000, sa_flags=none
SIGUSR2: [libjvm.dylib+0x488c1e], sa_mask[0]=00100000000000000000000000000000, sa_flags=SA_RESTART|SA_SIGINFO
SIGHUP: [libjvm.dylib+0x4871f5], sa_mask[0]=11111111011111110111111111111111, sa_flags=SA_RESTART|SA_SIGINFO
SIGINT: [libjvm.dylib+0x4871f5], sa_mask[0]=11111111011111110111111111111111, sa_flags=SA_RESTART|SA_SIGINFO
SIGTERM: [libjvm.dylib+0x4871f5], sa_mask[0]=11111111011111110111111111111111, sa_flags=SA_RESTART|SA_SIGINFO
SIGQUIT: [libjvm.dylib+0x4871f5], sa_mask[0]=11111111011111110111111111111111, sa_flags=SA_RESTART|SA_SIGINFO


---------------  S Y S T E M  ---------------

OS:Bsduname:Darwin 17.3.0 Darwin Kernel Version 17.3.0: Thu Nov  9 18:09:22 PST 2017; root:xnu-4570.31.3~1/RELEASE_X86_64 x86_64
rlimit: STACK 8192k, CORE 0k, NPROC 1418, NOFILE 10240, AS infinity
load average:2.08 2.34 2.65

CPU:total 8 (initial active 8) (4 cores per cpu, 2 threads per core) family 6 model 70 stepping 1, cmov, cx8, fxsr, mmx, sse, sse2, sse3, ssse3, sse4.1, sse4.2, popcnt, avx, avx2, aes, clmul, erms, lzcnt, ht, tsc, tscinvbit, bmi1, bmi2

Memory: 4k page, physical 16777216k(1109028k free)

/proc/meminfo:


vm_info: Java HotSpot(TM) 64-Bit Server VM (25.144-b01) for bsd-amd64 JRE (1.8.0_144-b01), built on Jul 21 2017 22:07:42 by "java_re" with gcc 4.2.1 (Based on Apple Inc. build 5658) (LLVM build 2336.11.00)

time: Tue Mar 13 21:06:41 2018
elapsed time: 1570 seconds (0d 0h 26m 10s)

